<?xml version="1.0" encoding="UTF-8"?>
<!-- Generated by org.testng.reporters.JUnitReportReporter -->
<testsuite name="com.automationtesting.runner.Runner" tests="1" time="0.000" ignored="0" failures="0" timestamp="18 Nov 2017 07:17:03 GMT" skipped="1" hostname="ANIK-PC" errors="0">
  <testcase name="feature" time="0.000" classname="com.automationtesting.runner.Runner">
    <skipped/>
  </testcase> <!-- feature -->
</testsuite> <!-- com.automationtesting.runner.Runner -->
